<?xml version="1.0" encoding="UTF-8"?>
<!-- Generated by org.testng.reporters.JUnitXMLReporter -->
<testsuite ignored="0" hostname="DESKTOP-8DQ5F38" failures="1" tests="4" name="FirefoxTest" time="36.551" errors="0" timestamp="2023-10-12T10:30:58 IST">
  <testcase classname="TestPackage.ExecutionUsingTestNG" name="@AfterMethod LogOutFromPage" time="0.002">
    <failure type="java.lang.NullPointerException" message="Cannot invoke &amp;quot;org.openqa.selenium.TakesScreenshot.getScreenshotAs(org.openqa.selenium.OutputType)&amp;quot; because &amp;quot;ts&amp;quot; is null">
      <![CDATA[java.lang.NullPointerException: Cannot invoke "org.openqa.selenium.TakesScreenshot.getScreenshotAs(org.openqa.selenium.OutputType)" because "ts" is null
at Utils.Utility.CaptureScreenshot(Utility.java:49)
at TestPackage.ExecutionUsingTestNG.LogOutFromPage(ExecutionUsingTestNG.java:138)
at java.base/java.util.concurrent.ThreadPoolExecutor.runWorker(ThreadPoolExecutor.java:1144)
at java.base/java.util.concurrent.ThreadPoolExecutor$Worker.run(ThreadPoolExecutor.java:642)
at java.base/java.lang.Thread.run(Thread.java:1623)
... Removed 15 stack frames]]>
    </failure>
  </testcase> <!-- @AfterMethod LogOutFromPage -->
  <testcase classname="TestPackage.ExecutionUsingTestNG" name="@AfterClass closebrowser" time="-1.697086857914E9">
    <skipped/>
  </testcase> <!-- @AfterClass closebrowser -->
  <testcase classname="TestPackage.ExecutionUsingTestNG" name="@AfterTest closeTheBrowser" time="-1.697086857925E9">
    <skipped/>
  </testcase> <!-- @AfterTest closeTheBrowser -->
  <testcase classname="TestPackage.ExecutionUsingTestNG" name="VerifyChekoutButtonFunctinality" time="0.453"/>
  <testcase classname="TestPackage.TestClass2" name="VerifyBackToProductButton" time="4.895"/>
  <testcase classname="TestPackage.ExecutionUsingTestNG" name="VerifyRemoveButtonFunctionality" time="0.282"/>
  <testcase classname="TestPackage.ExecutionUsingTestNG" name="VerifyContinueButtonFunctionality" time="0.347">
    <failure type="java.lang.AssertionError" message="expected [https://www.saucedemo.com/inventory.html] but found [https://www.saucedemo.com/inventory.html20]">
      <![CDATA[java.lang.AssertionError: expected [https://www.saucedemo.com/inventory.html] but found [https://www.saucedemo.com/inventory.html20]
at TestPackage.ExecutionUsingTestNG.VerifyContinueButtonFunctionality(ExecutionUsingTestNG.java:122)
at java.base/java.util.concurrent.ThreadPoolExecutor.runWorker(ThreadPoolExecutor.java:1144)
at java.base/java.util.concurrent.ThreadPoolExecutor$Worker.run(ThreadPoolExecutor.java:642)
at java.base/java.lang.Thread.run(Thread.java:1623)
... Removed 16 stack frames]]>
    </failure>
  </testcase> <!-- VerifyContinueButtonFunctionality -->
</testsuite> <!-- FirefoxTest -->
