<!DOCTYPE html PUBLIC "-//W3C//DTD XHTML 1.1//EN" "https://www.w3.org/TR/xhtml11/DTD/xhtml11.dtd">
<html xmlns="https://www.w3.org/1999/xhtml">
<head>
<meta http-equiv="content-type" content="text/html; charset=UTF-8"/>
<title>TestNG Report</title>
<style type="text/css">table {margin-bottom:10px;border-collapse:collapse;empty-cells:show}th,td {border:1px solid #009;padding:.25em .5em}th {vertical-align:bottom}td {vertical-align:top}table a {font-weight:bold}.stripe td {background-color: #E6EBF9}.num {text-align:right}.passedodd td {background-color: #3F3}.passedeven td {background-color: #0A0}.skippedodd td {background-color: #DDD}.skippedeven td {background-color: #CCC}.failedodd td,.attn {background-color: #F33}.failedeven td,.stripe .attn {background-color: #D00}.stacktrace {white-space:pre;font-family:monospace}.totop {font-size:85%;text-align:center;border-bottom:2px solid #000}.invisible {display:none}</style>
</head>
<body>
<table>
<tr><th>Test</th><th># Passed</th><th># Skipped</th><th># Retried</th><th># Failed</th><th>Time (ms)</th><th>Included Groups</th><th>Excluded Groups</th></tr>
<tr><th colspan="8">Suite</th></tr>
<tr><td><a href="#t0">ChromeTest</a></td><td class="num">3</td><td class="num">0</td><td class="num">0</td><td class="num attn">1</td><td class="num">36,124</td><td></td><td></td></tr>
<tr class="stripe"><td><a href="#t1">FirefoxTest</a></td><td class="num">3</td><td class="num">0</td><td class="num">0</td><td class="num attn">1</td><td class="num">36,551</td><td></td><td></td></tr>
<tr><th>Total</th><th class="num">6</th><th class="num">0</th><th class="num">0</th><th class="num attn">2</th><th class="num">72,675</th><th colspan="2"></th></tr>
</table>
<table id='summary'><thead><tr><th>Class</th><th>Method</th><th>Start</th><th>Time (ms)</th></tr></thead><tbody><tr><th colspan="4">Suite</th></tr></tbody><tbody id="t0"><tr><th colspan="4">ChromeTest &#8212; failed (configuration methods)</th></tr><tr class="failedeven"><td rowspan="1">TestPackage.ExecutionUsingTestNG</td><td><a href="#m0">LogOutFromPage</a></td><td rowspan="1">1697086821141</td><td rowspan="1">6</td></tr><tr><th colspan="4">ChromeTest &#8212; failed</th></tr><tr class="failedeven"><td rowspan="1">TestPackage.ExecutionUsingTestNG</td><td><a href="#m1">VerifyContinueButtonFunctionality</a></td><td rowspan="1">1697086820841</td><td rowspan="1">295</td></tr><tr><th colspan="4">ChromeTest &#8212; skipped (configuration methods)</th></tr><tr class="skippedeven"><td rowspan="2">TestPackage.ExecutionUsingTestNG</td><td><a href="#m2">closeTheBrowser</a></td><td rowspan="1">1697086821168</td><td rowspan="1">-1697086821168</td></tr><tr class="skippedeven"><td><a href="#m3">closebrowser</a></td><td rowspan="1">1697086821155</td><td rowspan="1">-1697086821155</td></tr><tr><th colspan="4">ChromeTest &#8212; passed</th></tr><tr class="passedeven"><td rowspan="2">TestPackage.ExecutionUsingTestNG</td><td><a href="#m4">VerifyChekoutButtonFunctinality</a></td><td rowspan="1">1697086805884</td><td rowspan="1">292</td></tr><tr class="passedeven"><td><a href="#m5">VerifyRemoveButtonFunctionality</a></td><td rowspan="1">1697086813611</td><td rowspan="1">159</td></tr><tr class="passedodd"><td rowspan="1">TestPackage.TestClass2</td><td><a href="#m6">VerifyBackToProductButton</a></td><td rowspan="1">1697086802450</td><td rowspan="1">5331</td></tr></tbody>
<tbody id="t1"><tr><th colspan="4">FirefoxTest &#8212; failed (configuration methods)</th></tr><tr class="failedeven"><td rowspan="1">TestPackage.ExecutionUsingTestNG</td><td><a href="#m7">LogOutFromPage</a></td><td rowspan="1">1697086857898</td><td rowspan="1">2</td></tr><tr><th colspan="4">FirefoxTest &#8212; failed</th></tr><tr class="failedeven"><td rowspan="1">TestPackage.ExecutionUsingTestNG</td><td><a href="#m8">VerifyContinueButtonFunctionality</a></td><td rowspan="1">1697086857543</td><td rowspan="1">347</td></tr><tr><th colspan="4">FirefoxTest &#8212; skipped (configuration methods)</th></tr><tr class="skippedeven"><td rowspan="2">TestPackage.ExecutionUsingTestNG</td><td><a href="#m9">closeTheBrowser</a></td><td rowspan="1">1697086857925</td><td rowspan="1">-1697086857925</td></tr><tr class="skippedeven"><td><a href="#m10">closebrowser</a></td><td rowspan="1">1697086857914</td><td rowspan="1">-1697086857914</td></tr><tr><th colspan="4">FirefoxTest &#8212; passed</th></tr><tr class="passedeven"><td rowspan="2">TestPackage.ExecutionUsingTestNG</td><td><a href="#m11">VerifyChekoutButtonFunctinality</a></td><td rowspan="1">1697086840498</td><td rowspan="1">453</td></tr><tr class="passedeven"><td><a href="#m12">VerifyRemoveButtonFunctionality</a></td><td rowspan="1">1697086849293</td><td rowspan="1">282</td></tr><tr class="passedodd"><td rowspan="1">TestPackage.TestClass2</td><td><a href="#m13">VerifyBackToProductButton</a></td><td rowspan="1">1697086844653</td><td rowspan="1">4895</td></tr></tbody>
</table>
<h2>ChromeTest</h2><h3 id="m0">TestPackage.ExecutionUsingTestNG#LogOutFromPage</h3><table class="result"><tr class="param"><th>Parameter #1</th></tr><tr class="param stripe"><td>[TestResult name=VerifyContinueButtonFunctionality status=FAILURE method=ExecutionUsingTestNG.VerifyContinueButtonFunctionality()[pri:3, instance:TestPackage.ExecutionUsingTestNG@67c27493] output={null}]</td></tr><tr><th>Exception</th></tr><tr><td><div class="stacktrace">java.lang.NullPointerException: Cannot invoke &quot;org.openqa.selenium.TakesScreenshot.getScreenshotAs(org.openqa.selenium.OutputType)&quot; because &quot;ts&quot; is null
	at Utils.Utility.CaptureScreenshot(Utility.java:49)
	at TestPackage.ExecutionUsingTestNG.LogOutFromPage(ExecutionUsingTestNG.java:138)
	at java.base/java.util.concurrent.ThreadPoolExecutor.runWorker(ThreadPoolExecutor.java:1144)
	at java.base/java.util.concurrent.ThreadPoolExecutor$Worker.run(ThreadPoolExecutor.java:642)
	at java.base/java.lang.Thread.run(Thread.java:1623)
... Removed 15 stack frames</div></td></tr></table><p class="totop"><a href="#summary">back to summary</a></p>
<h3 id="m1">TestPackage.ExecutionUsingTestNG#VerifyContinueButtonFunctionality</h3><table class="result"><tr><th>Exception</th></tr><tr><td><div class="stacktrace">java.lang.AssertionError: expected [https://www.saucedemo.com/inventory.html] but found [https://www.saucedemo.com/inventory.html20]
	at TestPackage.ExecutionUsingTestNG.VerifyContinueButtonFunctionality(ExecutionUsingTestNG.java:122)
	at java.base/java.util.concurrent.ThreadPoolExecutor.runWorker(ThreadPoolExecutor.java:1144)
	at java.base/java.util.concurrent.ThreadPoolExecutor$Worker.run(ThreadPoolExecutor.java:642)
	at java.base/java.lang.Thread.run(Thread.java:1623)
... Removed 16 stack frames</div></td></tr></table><p class="totop"><a href="#summary">back to summary</a></p>
<h3 id="m2">TestPackage.ExecutionUsingTestNG#closeTheBrowser</h3><table class="result"><tr><th class="invisible"/></tr></table><p class="totop"><a href="#summary">back to summary</a></p>
<h3 id="m3">TestPackage.ExecutionUsingTestNG#closebrowser</h3><table class="result"><tr><th class="invisible"/></tr></table><p class="totop"><a href="#summary">back to summary</a></p>
<h3 id="m4">TestPackage.ExecutionUsingTestNG#VerifyChekoutButtonFunctinality</h3><table class="result"><tr><th class="invisible"/></tr></table><p class="totop"><a href="#summary">back to summary</a></p>
<h3 id="m5">TestPackage.ExecutionUsingTestNG#VerifyRemoveButtonFunctionality</h3><table class="result"><tr><th class="invisible"/></tr></table><p class="totop"><a href="#summary">back to summary</a></p>
<h3 id="m6">TestPackage.TestClass2#VerifyBackToProductButton</h3><table class="result"><tr><th class="invisible"/></tr></table><p class="totop"><a href="#summary">back to summary</a></p>
<h2>FirefoxTest</h2><h3 id="m7">TestPackage.ExecutionUsingTestNG#LogOutFromPage</h3><table class="result"><tr class="param"><th>Parameter #1</th></tr><tr class="param stripe"><td>[TestResult name=VerifyContinueButtonFunctionality status=FAILURE method=ExecutionUsingTestNG.VerifyContinueButtonFunctionality()[pri:3, instance:TestPackage.ExecutionUsingTestNG@443118b0] output={null}]</td></tr><tr><th>Exception</th></tr><tr><td><div class="stacktrace">java.lang.NullPointerException: Cannot invoke &quot;org.openqa.selenium.TakesScreenshot.getScreenshotAs(org.openqa.selenium.OutputType)&quot; because &quot;ts&quot; is null
	at Utils.Utility.CaptureScreenshot(Utility.java:49)
	at TestPackage.ExecutionUsingTestNG.LogOutFromPage(ExecutionUsingTestNG.java:138)
	at java.base/java.util.concurrent.ThreadPoolExecutor.runWorker(ThreadPoolExecutor.java:1144)
	at java.base/java.util.concurrent.ThreadPoolExecutor$Worker.run(ThreadPoolExecutor.java:642)
	at java.base/java.lang.Thread.run(Thread.java:1623)
... Removed 15 stack frames</div></td></tr></table><p class="totop"><a href="#summary">back to summary</a></p>
<h3 id="m8">TestPackage.ExecutionUsingTestNG#VerifyContinueButtonFunctionality</h3><table class="result"><tr><th>Exception</th></tr><tr><td><div class="stacktrace">java.lang.AssertionError: expected [https://www.saucedemo.com/inventory.html] but found [https://www.saucedemo.com/inventory.html20]
	at TestPackage.ExecutionUsingTestNG.VerifyContinueButtonFunctionality(ExecutionUsingTestNG.java:122)
	at java.base/java.util.concurrent.ThreadPoolExecutor.runWorker(ThreadPoolExecutor.java:1144)
	at java.base/java.util.concurrent.ThreadPoolExecutor$Worker.run(ThreadPoolExecutor.java:642)
	at java.base/java.lang.Thread.run(Thread.java:1623)
... Removed 16 stack frames</div></td></tr></table><p class="totop"><a href="#summary">back to summary</a></p>
<h3 id="m9">TestPackage.ExecutionUsingTestNG#closeTheBrowser</h3><table class="result"><tr><th class="invisible"/></tr></table><p class="totop"><a href="#summary">back to summary</a></p>
<h3 id="m10">TestPackage.ExecutionUsingTestNG#closebrowser</h3><table class="result"><tr><th class="invisible"/></tr></table><p class="totop"><a href="#summary">back to summary</a></p>
<h3 id="m11">TestPackage.ExecutionUsingTestNG#VerifyChekoutButtonFunctinality</h3><table class="result"><tr><th class="invisible"/></tr></table><p class="totop"><a href="#summary">back to summary</a></p>
<h3 id="m12">TestPackage.ExecutionUsingTestNG#VerifyRemoveButtonFunctionality</h3><table class="result"><tr><th class="invisible"/></tr></table><p class="totop"><a href="#summary">back to summary</a></p>
<h3 id="m13">TestPackage.TestClass2#VerifyBackToProductButton</h3><table class="result"><tr><th class="invisible"/></tr></table><p class="totop"><a href="#summary">back to summary</a></p>
</body>
</html>
